Arguments: 
  /Users/thejoker/.nvm/versions/node/v9.5.0/bin/node /usr/local/bin/yarn publish

PATH: 
  /usr/local/opt/openssl/bin:/Users/thejoker/.nvm/versions/node/v9.5.0/bin:/usr/local/opt/postgresql@9.6/bin:/usr/local/bin:/usr/bin:/bin:/usr/sbin:/sbin:/usr/local/share/dotnet:/Library/Frameworks/Mono.framework/Versions/Current/Commands:/Applications/Xamarin Workbooks.app/Contents/SharedSupport/path-bin:/Users/thejoker/.rvm/bin:/Users/thejoker/.rvm/bin

Yarn version: 
  1.5.1

Node version: 
  9.5.0

Platform: 
  darwin x64

npm manifest: 
  {
    "name": "@dpacks/api",
    "version": "0.2.0",
    "description": "dPacks.io Repository API Library.",
    "license": "MIT",
    "main": "index.js",
    "bin": {
      "dpacks-api": "database/init.js"
    },
    "scripts": {
      "lint": "standard",
      "clean-test": "rm -rf tests/vaultr && rm -rf tests/dwid.db && rm -rf tests/*.sqlite",
      "test": "standard && npm run clean-test && NODE_ENV=test tape tests/*.js | tap-spec"
    },
    "dependencies": {
      "@ddatabase/vaultr": "*",
      "@ddrive/core": "*",
      "@dpack/health": "*",
      "@dwauth/core": "*",
      "@dwauth/reset-password": "*",
      "@dwcore/channel": "*",
      "@dwebs/codec": "*",
      "@dwebs/resolve": "*",
      "async": "^2.1.4",
      "body-parser": "^1.15.2",
      "co-express": "^2.0.0",
      "debug": "^2.6.8",
      "envify": "^4.0.0",
      "is-my-json-valid": "^2.16.0",
      "knex": "^0.12.6",
      "level-party": "^3.0.4",
      "mixpanel": "^0.7.0",
      "mkdirp": "^0.5.1",
      "nodemailer": "^4.0.1",
      "nodemailer-mock-transport": "^1.3.0",
      "range-parser": "^1.2.0",
      "response": "^0.18.0",
      "sqlite3": "^3.1.13",
      "uparams": "^1.3.1",
      "uuid": "^3.0.1",
      "xtend": "^4.0.1"
    },
    "devDependencies": {
      "rimraf": "^2.5.4",
      "standard": "^7.1.2",
      "tap-spec": "^4.1.1",
      "tape": "^4.6.3"
    },
    "publishConfig": {
      "access": "public"
    }
  }

yarn manifest: 
  No manifest

Lockfile: 
  No lockfile

Trace: 
  Error: https://registry.npmjs.com/@dpacks%2fapi: You must be logged in to publish packages.
      at Request.params.callback [as _callback] (/usr/local/lib/node_modules/yarn/lib/cli.js:65019:18)
      at Request.self.callback (/usr/local/lib/node_modules/yarn/lib/cli.js:132430:22)
      at Request.emit (events.js:160:13)
      at Request.<anonymous> (/usr/local/lib/node_modules/yarn/lib/cli.js:133413:10)
      at Request.emit (events.js:160:13)
      at IncomingMessage.<anonymous> (/usr/local/lib/node_modules/yarn/lib/cli.js:133333:12)
      at Object.onceWrapper (events.js:255:19)
      at IncomingMessage.emit (events.js:165:20)
      at endReadableNT (_stream_readable.js:1101:12)
      at process._tickCallback (internal/process/next_tick.js:152:19)
